<?xml version="1.0" encoding="UTF-8"?>
<testng-results ignored="0" total="12" passed="12" failed="0" skipped="0">
  <reporter-output>
  </reporter-output>
  <suite started-at="2024-05-14T18:17:20 EDT" name="Default suite" finished-at="2024-05-14T18:18:05 EDT" duration-ms="44326">
    <groups>
      <group name="cucumber">
        <method signature="AbstractTestNGCucumberTests.runScenario(io.cucumber.testng.PickleWrapper,io.cucumber.testng.FeatureWrapper)[pri:0, instance:testRunners.TestNGTestRunner@710f4dc7]" name="runScenario" class="io.cucumber.testng.AbstractTestNGCucumberTests"/>
      </group> <!-- cucumber -->
    </groups>
    <test started-at="2024-05-14T18:17:20 EDT" name="Default test" finished-at="2024-05-14T18:18:05 EDT" duration-ms="44326">
      <class name="testRunners.TestNGTestRunner">
        <test-method is-config="true" signature="setUpClass(org.testng.ITestContext)[pri:0, instance:testRunners.TestNGTestRunner@710f4dc7]" started-at="2024-05-14T18:17:20 EDT" name="setUpClass" finished-at="2024-05-14T18:17:20 EDT" duration-ms="245" status="PASS">
          <params>
            <param index="0">
              <value>
                <![CDATA[org.testng.TestRunner@48567727]]>
              </value>
            </param>
          </params>
          <reporter-output>
          </reporter-output>
        </test-method> <!-- setUpClass -->
        <test-method signature="runScenario(io.cucumber.testng.PickleWrapper,io.cucumber.testng.FeatureWrapper)[pri:0, instance:testRunners.TestNGTestRunner@710f4dc7]" started-at="2024-05-14T18:17:20 EDT" name="runScenario" description="Runs Cucumber Scenarios" data-provider="scenarios" finished-at="2024-05-14T18:17:24 EDT" duration-ms="3630" status="PASS">
          <params>
            <param index="0">
              <value>
                <![CDATA["To verify the URL for Demo_blaze on Google browser"]]>
              </value>
            </param>
            <param index="1">
              <value>
                <![CDATA["Demo Blaze Sanity Test"]]>
              </value>
            </param>
          </params>
          <reporter-output>
          </reporter-output>
        </test-method> <!-- runScenario -->
        <test-method signature="runScenario(io.cucumber.testng.PickleWrapper,io.cucumber.testng.FeatureWrapper)[pri:0, instance:testRunners.TestNGTestRunner@710f4dc7]" started-at="2024-05-14T18:17:24 EDT" name="runScenario" description="Runs Cucumber Scenarios" data-provider="scenarios" finished-at="2024-05-14T18:17:27 EDT" duration-ms="2933" status="PASS">
          <params>
            <param index="0">
              <value>
                <![CDATA["To verify the URL for Demo_blaze on Google browser"]]>
              </value>
            </param>
            <param index="1">
              <value>
                <![CDATA["Demo Blaze Sanity Test"]]>
              </value>
            </param>
          </params>
          <reporter-output>
          </reporter-output>
        </test-method> <!-- runScenario -->
        <test-method signature="runScenario(io.cucumber.testng.PickleWrapper,io.cucumber.testng.FeatureWrapper)[pri:0, instance:testRunners.TestNGTestRunner@710f4dc7]" started-at="2024-05-14T18:17:27 EDT" name="runScenario" description="Runs Cucumber Scenarios" data-provider="scenarios" finished-at="2024-05-14T18:17:30 EDT" duration-ms="2677" status="PASS">
          <params>
            <param index="0">
              <value>
                <![CDATA["To verify the URL for Demo_blaze on Google browser"]]>
              </value>
            </param>
            <param index="1">
              <value>
                <![CDATA["Demo Blaze Sanity Test"]]>
              </value>
            </param>
          </params>
          <reporter-output>
          </reporter-output>
        </test-method> <!-- runScenario -->
        <test-method signature="runScenario(io.cucumber.testng.PickleWrapper,io.cucumber.testng.FeatureWrapper)[pri:0, instance:testRunners.TestNGTestRunner@710f4dc7]" started-at="2024-05-14T18:17:30 EDT" name="runScenario" description="Runs Cucumber Scenarios" data-provider="scenarios" finished-at="2024-05-14T18:17:33 EDT" duration-ms="3348" status="PASS">
          <params>
            <param index="0">
              <value>
                <![CDATA["To verify the URL for Demo_blaze on Google browser"]]>
              </value>
            </param>
            <param index="1">
              <value>
                <![CDATA["Demo Blaze Sanity Test"]]>
              </value>
            </param>
          </params>
          <reporter-output>
          </reporter-output>
        </test-method> <!-- runScenario -->
        <test-method signature="runScenario(io.cucumber.testng.PickleWrapper,io.cucumber.testng.FeatureWrapper)[pri:0, instance:testRunners.TestNGTestRunner@710f4dc7]" started-at="2024-05-14T18:17:33 EDT" name="runScenario" description="Runs Cucumber Scenarios" data-provider="scenarios" finished-at="2024-05-14T18:17:35 EDT" duration-ms="2332" status="PASS">
          <params>
            <param index="0">
              <value>
                <![CDATA["To verify the URL for Demo_blaze on Google browser"]]>
              </value>
            </param>
            <param index="1">
              <value>
                <![CDATA["Demo Blaze Sanity Test"]]>
              </value>
            </param>
          </params>
          <reporter-output>
          </reporter-output>
        </test-method> <!-- runScenario -->
        <test-method signature="runScenario(io.cucumber.testng.PickleWrapper,io.cucumber.testng.FeatureWrapper)[pri:0, instance:testRunners.TestNGTestRunner@710f4dc7]" started-at="2024-05-14T18:17:35 EDT" name="runScenario" description="Runs Cucumber Scenarios" data-provider="scenarios" finished-at="2024-05-14T18:17:38 EDT" duration-ms="2508" status="PASS">
          <params>
            <param index="0">
              <value>
                <![CDATA["To verify the URL for Demo_blaze on Google browser"]]>
              </value>
            </param>
            <param index="1">
              <value>
                <![CDATA["Demo Blaze Sanity Test"]]>
              </value>
            </param>
          </params>
          <reporter-output>
          </reporter-output>
        </test-method> <!-- runScenario -->
        <test-method signature="runScenario(io.cucumber.testng.PickleWrapper,io.cucumber.testng.FeatureWrapper)[pri:0, instance:testRunners.TestNGTestRunner@710f4dc7]" started-at="2024-05-14T18:17:38 EDT" name="runScenario" description="Runs Cucumber Scenarios" data-provider="scenarios" finished-at="2024-05-14T18:17:39 EDT" duration-ms="1451" status="PASS">
          <params>
            <param index="0">
              <value>
                <![CDATA["Validate Demo Blaze Home Page"]]>
              </value>
            </param>
            <param index="1">
              <value>
                <![CDATA["Demo Blaze Sanity Test"]]>
              </value>
            </param>
          </params>
          <reporter-output>
          </reporter-output>
        </test-method> <!-- runScenario -->
        <test-method signature="runScenario(io.cucumber.testng.PickleWrapper,io.cucumber.testng.FeatureWrapper)[pri:0, instance:testRunners.TestNGTestRunner@710f4dc7]" started-at="2024-05-14T18:17:39 EDT" name="runScenario" description="Runs Cucumber Scenarios" data-provider="scenarios" finished-at="2024-05-14T18:17:42 EDT" duration-ms="2837" status="PASS">
          <params>
            <param index="0">
              <value>
                <![CDATA["Validate user can Sign up"]]>
              </value>
            </param>
            <param index="1">
              <value>
                <![CDATA["Demo Blaze Sanity Test"]]>
              </value>
            </param>
          </params>
          <reporter-output>
          </reporter-output>
        </test-method> <!-- runScenario -->
        <test-method signature="runScenario(io.cucumber.testng.PickleWrapper,io.cucumber.testng.FeatureWrapper)[pri:0, instance:testRunners.TestNGTestRunner@710f4dc7]" started-at="2024-05-14T18:17:42 EDT" name="runScenario" description="Runs Cucumber Scenarios" data-provider="scenarios" finished-at="2024-05-14T18:17:56 EDT" duration-ms="13831" status="PASS">
          <params>
            <param index="0">
              <value>
                <![CDATA["Validate Welcome Greeting when you"]]>
              </value>
            </param>
            <param index="1">
              <value>
                <![CDATA["Demo Blaze Sanity Test"]]>
              </value>
            </param>
          </params>
          <reporter-output>
          </reporter-output>
        </test-method> <!-- runScenario -->
        <test-method signature="runScenario(io.cucumber.testng.PickleWrapper,io.cucumber.testng.FeatureWrapper)[pri:0, instance:testRunners.TestNGTestRunner@710f4dc7]" started-at="2024-05-14T18:17:56 EDT" name="runScenario" description="Runs Cucumber Scenarios" data-provider="scenarios" finished-at="2024-05-14T18:17:59 EDT" duration-ms="2926" status="PASS">
          <params>
            <param index="0">
              <value>
                <![CDATA["Validate Welcome Greeting when you"]]>
              </value>
            </param>
            <param index="1">
              <value>
                <![CDATA["Demo Blaze Sanity Test"]]>
              </value>
            </param>
          </params>
          <reporter-output>
          </reporter-output>
        </test-method> <!-- runScenario -->
        <test-method signature="runScenario(io.cucumber.testng.PickleWrapper,io.cucumber.testng.FeatureWrapper)[pri:0, instance:testRunners.TestNGTestRunner@710f4dc7]" started-at="2024-05-14T18:17:59 EDT" name="runScenario" description="Runs Cucumber Scenarios" data-provider="scenarios" finished-at="2024-05-14T18:18:02 EDT" duration-ms="3009" status="PASS">
          <params>
            <param index="0">
              <value>
                <![CDATA["Validate Welcome Greeting when you"]]>
              </value>
            </param>
            <param index="1">
              <value>
                <![CDATA["Demo Blaze Sanity Test"]]>
              </value>
            </param>
          </params>
          <reporter-output>
          </reporter-output>
        </test-method> <!-- runScenario -->
        <test-method signature="runScenario(io.cucumber.testng.PickleWrapper,io.cucumber.testng.FeatureWrapper)[pri:0, instance:testRunners.TestNGTestRunner@710f4dc7]" started-at="2024-05-14T18:18:02 EDT" name="runScenario" description="Runs Cucumber Scenarios" data-provider="scenarios" finished-at="2024-05-14T18:18:04 EDT" duration-ms="2526" status="PASS">
          <params>
            <param index="0">
              <value>
                <![CDATA["Validate Welcome Greeting when you"]]>
              </value>
            </param>
            <param index="1">
              <value>
                <![CDATA["Demo Blaze Sanity Test"]]>
              </value>
            </param>
          </params>
          <reporter-output>
          </reporter-output>
        </test-method> <!-- runScenario -->
        <test-method is-config="true" signature="tearDownClass()[pri:0, instance:testRunners.TestNGTestRunner@710f4dc7]" started-at="2024-05-14T18:18:04 EDT" name="tearDownClass" finished-at="2024-05-14T18:18:05 EDT" duration-ms="3" status="PASS">
          <reporter-output>
          </reporter-output>
        </test-method> <!-- tearDownClass -->
      </class> <!-- testRunners.TestNGTestRunner -->
    </test> <!-- Default test -->
  </suite> <!-- Default suite -->
</testng-results>
